"../../../../../../GAME MAKE/Working/LearnCpp/Content/BluePrint/GameMode_BP.uasset" 0
"../../../Engine/Content/EditorBlueprintResources/StandardMacros.uasset" 1
"../../../../../../GAME MAKE/Working/LearnCpp/Content/Pictures/heart.uasset" 2
"../../../../../../GAME MAKE/Working/LearnCpp/Content/BluePrint/Chance.uasset" 3
"../../../../../../GAME MAKE/Working/LearnCpp/Content/BluePrint/FailMenu.uasset" 4
"../../../../../../GAME MAKE/Working/LearnCpp/Content/BluePrint/InGameUI.uasset" 5
"../../../../../../GAME MAKE/Working/LearnCpp/Content/BluePrint/Score.uasset" 6
"../../../../../../GAME MAKE/Working/LearnCpp/Content/Pictures/starmap.uasset" 7
"../../../../../../GAME MAKE/Working/LearnCpp/Content/Pictures/star.uasset" 8
"../../../Engine/Content/EngineSky/T_Sky_Blue.uasset" 9
"../../../Engine/Content/EngineSky/T_Sky_Clouds_M.uasset" 10
"../../../Engine/Content/EngineSky/T_Sky_Stars.uasset" 11
"../../../Engine/Content/EngineSky/M_Sky_Panning_Clouds2.uasset" 12
"../../../Engine/Content/EngineSky/SM_SkySphere.uasset" 13
"../../../../../../GAME MAKE/Working/LearnCpp/Content/BluePrint/skybox.uasset" 14
"../../../../../../GAME MAKE/Working/LearnCpp/Content/Models/Bullet/01_-_Default.uasset" 15
"../../../../../../GAME MAKE/Working/LearnCpp/Content/Models/Bullet/laser.uasset" 16
"../../../../../../GAME MAKE/Working/LearnCpp/Content/Models/Rock/02_-_Default.uasset" 17
"../../../../../../GAME MAKE/Working/LearnCpp/Content/Models/Rock/rock_rock02.uasset" 18
"../../../../../../GAME MAKE/Working/LearnCpp/Content/Models/Rock/rock_rock03.uasset" 19
"../../../../../../GAME MAKE/Working/LearnCpp/Content/Pictures/skybox.uasset" 20
"../../../../../../GAME MAKE/Working/LearnCpp/Content/Pictures/starmap00.uasset" 21
"../../../Engine/Content/Animation/DefaultAnimCurveCompressionSettings.uasset" 22
"../../../Engine/Content/Functions/Engine_MaterialFunctions01/Opacity/CameraDepthFade.uasset" 23
"../../../Engine/Content/EngineMaterials/T_Default_Material_Grid_M.uasset" 24
"../../../Engine/Content/EngineMaterials/T_Default_Material_Grid_N.uasset" 25
"../../../Engine/Content/EngineMaterials/WorldGridMaterial.uasset" 26
"../../../Engine/Content/ArtTools/RenderToTexture/Meshes/S_1_Unit_Plane.uasset" 27
"../../../Engine/Content/EngineMaterials/DefaultMaterial.uasset" 28
"../../../Engine/Content/BasicShapes/Cone.uasset" 29
"../../../Engine/Content/BasicShapes/Cylinder.uasset" 30
"../../../Engine/Content/BasicShapes/Plane.uasset" 31
"../../../Engine/Content/BasicShapes/Sphere.uasset" 32
"../../../Engine/Content/EditorLandscapeResources/DataLayer.uasset" 33
"../../../Engine/Content/EditorMaterials/MAT_Groups_Toggle.uasset" 34
"../../../Engine/Content/EditorMaterials/MAT_Groups_Visibility.uasset" 35
"../../../Engine/Content/EditorMaterials/PreviewShadowIndicator.uasset" 36
"../../../Engine/Content/EditorMaterials/PreviewShadowIndicatorMaterial.uasset" 37
"../../../Engine/Content/EditorMaterials/MatineeGroups/MAT_ColorTrack.uasset" 38
"../../../Engine/Content/EditorMaterials/MatineeGroups/MAT_Groups_Anim.uasset" 39
"../../../Engine/Content/EditorMaterials/MatineeGroups/MAT_Groups_AudioMaster.uasset" 40
"../../../Engine/Content/EditorMaterials/MatineeGroups/MAT_Groups_Director.uasset" 41
"../../../Engine/Content/EditorMaterials/MatineeGroups/MAT_Groups_Event.uasset" 42
"../../../Engine/Content/EditorMaterials/MatineeGroups/MAT_Groups_Fade.uasset" 43
"../../../Engine/Content/EditorMaterials/MatineeGroups/MAT_Groups_Float.uasset" 44
"../../../Engine/Content/EditorMaterials/MatineeGroups/MAT_Groups_Move.uasset" 45
"../../../Engine/Content/EditorMaterials/MatineeGroups/MAT_Groups_Slomo.uasset" 46
"../../../Engine/Content/EditorMaterials/MatineeGroups/MAT_Groups_Sound.uasset" 47
"../../../Engine/Content/EditorMaterials/MatineeGroups/MAT_Groups_Vector.uasset" 48
"../../../Engine/Content/EditorMaterials/ParticleSystems/PSysThumbnail_NoImage.uasset" 49
"../../../Engine/Content/EditorMaterials/ParticleSystems/PSysThumbnail_OOD.uasset" 50
"../../../Engine/Content/EditorMaterials/Camera/CineMat.uasset" 51
"../../../Engine/Content/EditorMaterials/Camera/MI_CineMat_Rig.uasset" 52
"../../../Engine/Content/EditorMeshes/Camera/SM_CraneRig_Arm.uasset" 53
"../../../Engine/Content/EditorMeshes/Camera/SM_CraneRig_Base.uasset" 54
"../../../Engine/Content/EditorMeshes/Camera/SM_CraneRig_Body.uasset" 55
"../../../Engine/Content/EditorMeshes/Camera/SM_CraneRig_Mount.uasset" 56
"../../../Engine/Content/EditorMeshes/Camera/SM_RailRig_Mount.uasset" 57
"../../../Engine/Content/EditorMeshes/Camera/SM_RailRig_Track.uasset" 58
"../../../Engine/Content/EditorResources/BSPVertex.uasset" 59
"../../../Engine/Content/EditorResources/EmptyActor.uasset" 60
"../../../Engine/Content/EditorResources/S_Actor.uasset" 61
"../../../Engine/Content/EditorResources/S_Note.uasset" 62
"../../../Engine/Content/EditorResources/S_Solver.uasset" 63
"../../../Engine/Content/EditorResources/S_Trigger.uasset" 64
"../../../Engine/Content/EditorResources/LightIcons/S_LightError.uasset" 65
"../../../Engine/Content/EditorResources/SequenceRecorder/Countdown.uasset" 66
"../../../Engine/Content/EditorResources/SequenceRecorder/RecordingIndicator.uasset" 67
"../../../Engine/Content/EditorSounds/Notifications/CompileFailed.uasset" 68
"../../../Engine/Content/EditorSounds/Notifications/CompileFailed_Cue.uasset" 69
"../../../Engine/Content/EditorSounds/Notifications/CompileSuccess.uasset" 70
"../../../Engine/Content/EditorSounds/Notifications/CompileStart_Cue.uasset" 71
"../../../Engine/Content/EditorSounds/Notifications/CompileSuccess_Cue.uasset" 72
"../../../Engine/Content/EngineDamageTypes/DmgTypeBP_Environmental.uasset" 73
"../../../Engine/Content/EngineDebugMaterials/DebugEditorMaterial.uasset" 74
"../../../Engine/Content/EngineDebugMaterials/DebugMeshMaterial.uasset" 75
"../../../Engine/Content/EngineDebugMaterials/M_SimpleTranslucent.uasset" 76
"../../../Engine/Content/Functions/Engine_MaterialFunctions02/Utility/CameraDirectionVector.uasset" 77
"../../../Engine/Content/EngineDebugMaterials/VolumeToRender.uasset" 78
"../../../Engine/Content/EngineDebugMaterials/M_VolumeRenderSphereTracePP.uasset" 79
"../../../Engine/Content/EngineDebugMaterials/WireframeMaterial.uasset" 80
"../../../Engine/Content/EngineFonts/Faces/DroidSansFallback.uasset" 81
"../../../Engine/Content/EngineFonts/Faces/RobotoBold.uasset" 82
"../../../Engine/Content/EngineFonts/Faces/RobotoBoldItalic.uasset" 83
"../../../Engine/Content/EngineFonts/Faces/RobotoItalic.uasset" 84
"../../../Engine/Content/EngineFonts/Faces/RobotoLight.uasset" 85
"../../../Engine/Content/EngineFonts/Faces/RobotoRegular.uasset" 86
"../../../Engine/Content/EngineFonts/Roboto.uasset" 87
"../../../Engine/Content/EngineMaterials/BaseFlattenDiffuseMap.uasset" 88
"../../../Engine/Content/EngineMaterials/BaseFlattenEmissiveMap.uasset" 89
"../../../Engine/Content/EngineMaterials/BaseFlattenGrayscaleMap.uasset" 90
"../../../Engine/Content/EngineMaterials/BaseFlattenNormalMap.uasset" 91
"../../../Engine/Content/EngineMaterials/BaseFlattenMaterial.uasset" 92
"../../../Engine/Content/EngineMaterials/BlueNoise.uasset" 93
"../../../Engine/Content/EngineMaterials/DefaultBloomKernel.uasset" 94
"../../../Engine/Content/EngineMaterials/DefaultBokeh.uasset" 95
"../../../Engine/Content/EngineMaterials/DefaultDiffuse.uasset" 96
"../../../Engine/Content/EngineMaterials/DefaultDeferredDecalMaterial.uasset" 97
"../../../Engine/Content/EngineMaterials/DefaultLightFunctionMaterial.uasset" 98
"../../../Engine/Content/EngineMaterials/DefaultPhysicalMaterial.uasset" 99
"../../../Engine/Content/Functions/Engine_MaterialFunctions02/Utility/BreakOutFloat2Components.uasset" 100
"../../../Engine/Content/EngineMaterials/DefaultPostProcessMaterial.uasset" 101
"../../../Engine/Content/EngineFonts/RobotoDistanceField.uasset" 102
"../../../Engine/Content/EngineMaterials/DefaultTextMaterialOpaque.uasset" 103
"../../../Engine/Content/EngineMaterials/DefaultVirtualTextureMaterial.uasset" 104
"../../../Engine/Content/EngineMaterials/DefaultWhiteGrid.uasset" 105
"../../../Engine/Content/EngineMaterials/DefaultWhiteGrid_Low.uasset" 106
"../../../Engine/Content/EngineMaterials/EmissiveMeshMaterial.uasset" 107
"../../../Engine/Content/EngineMaterials/GizmoMaterial.uasset" 108
"../../../Engine/Content/EngineMaterials/Good64x64TilingNoiseHighFreq.uasset" 109
"../../../Engine/Content/EngineMaterials/HairDefaultMaterial.uasset" 110
"../../../Engine/Content/EngineMaterials/MiniFont.uasset" 111
"../../../Engine/Content/EngineMaterials/InvalidLightmapSettings.uasset" 112
"../../../Engine/Content/EngineMaterials/M_InvalidLightmapSettings.uasset" 113
"../../../Engine/Content/Functions/Engine_MaterialFunctions02/WorldPositionOffset/CameraOffset.uasset" 114
"../../../Engine/Content/EngineMaterials/PhAT_JointLimitMaterial.uasset" 115
"../../../Engine/Content/EngineMaterials/PreintegratedSkinBRDF.uasset" 116
"../../../Engine/Content/EngineMaterials/RemoveSurfaceMaterial.uasset" 117
"../../../Engine/Content/EngineMaterials/WeightMapPlaceholderTexture.uasset" 118
"../../../Engine/Content/EngineResources/WhiteSquareTexture.uasset" 119
"../../../Engine/Content/EngineMaterials/Widget3DPassThrough.uasset" 120
"../../../Engine/Content/EngineMaterials/Widget3DPassThrough_Masked.uasset" 121
"../../../Engine/Content/EngineMaterials/Widget3DPassThrough_Opaque.uasset" 122
"../../../Engine/Content/EngineMaterials/Widget3DPassThrough_Masked_OneSided.uasset" 123
"../../../Engine/Content/EngineMaterials/Widget3DPassThrough_Opaque_OneSided.uasset" 124
"../../../Engine/Content/EngineMaterials/Widget3DPassThrough_Translucent.uasset" 125
"../../../Engine/Content/EngineMaterials/Widget3DPassThrough_Translucent_OneSided.uasset" 126
"../../../Engine/Content/EngineMeshes/Cylinder.uasset" 127
"../../../Engine/Content/EngineMeshes/Sphere.uasset" 128
"../../../Engine/Content/EngineResources/Black.uasset" 129
"../../../Engine/Content/EngineResources/DefaultTexture.uasset" 130
"../../../Engine/Content/EngineResources/DefaultTextureCube.uasset" 131
"../../../Engine/Content/EngineResources/DefaultVolumeTexture2D.uasset" 132
"../../../Engine/Content/EngineResources/DefaultVolumeTexture.uasset" 133
"../../../Engine/Content/EngineResources/GradientTexture0.uasset" 134
"../../../Engine/Content/Functions/Engine_MaterialFunctions01/Shading/ConvertFromDiffSpec.uasset" 135
"../../../Engine/Content/Functions/Engine_MaterialFunctions01/Shading/PowerToRoughness.uasset" 136
"../../../Engine/Content/Maps/Templates/Thumbnails/Default.uasset" 137
"../../../Engine/Content/Maps/Templates/Thumbnails/TimeOfDay.uasset" 138
"../../../Engine/Content/Maps/Templates/Thumbnails/VR-Basic.uasset" 139
"../../../Engine/Content/MobileResources/T_MobileControls_texture.uasset" 140
"../../../Engine/Content/MobileResources/T_MobileMenu2.uasset" 141
"../../../Engine/Content/MobileResources/HUD/AnalogHat.uasset" 142
"../../../Engine/Content/MobileResources/HUD/VirtualJoystick_Background.uasset" 143
"../../../Engine/Content/MobileResources/HUD/VirtualJoystick_Thumb.uasset" 144
"../../../Engine/Content/MobileResources/HUD/DefaultVirtualJoysticks.uasset" 145
"../../../Engine/Content/MobileResources/HUD/LeftVirtualJoystickOnly.uasset" 146
"../../../Engine/Content/MobileResources/HUD/MobileHUDButton1_off.uasset" 147
"../../../Engine/Content/MobileResources/HUD/MobileHUDButton1_on.uasset" 148
"../../../Engine/Content/MobileResources/HUD/MobileHUDButton2_off.uasset" 149
"../../../Engine/Content/MobileResources/HUD/MobileHUDButton2_on.uasset" 150
"../../../Engine/Content/MobileResources/HUD/MobileHUDButton3.uasset" 151
"../../../Engine/Content/MobileResources/HUD/MobileHUDButtonFire.uasset" 152
"../../../Engine/Content/MobileResources/HUD/MobileHUDDirectionPad.uasset" 153
"../../../Engine/Content/MobileResources/HUD/MobileHUDDirectionPad2.uasset" 154
"../../../Engine/Content/MobileResources/HUD/MobileHUDDirectionPad3.uasset" 155
"../../../Engine/Content/MobileResources/HUD/MobileHUDDirectionStick.uasset" 156
"../../../Engine/Content/MobileResources/HUD/T_Castle_ThumbstickInner.uasset" 157
"../../../Engine/Content/MobileResources/HUD/T_Castle_ThumbstickOutter.uasset" 158
"../../../Engine/Content/Tutorial/ContentIntroCurve.uasset" 159
"../../../Engine/Content/Tutorial/Basics/ContentBrowserOverview.uasset" 160
"../../../Engine/Content/Tutorial/Basics/LevelEditorAttract.uasset" 161
"../../../Engine/Content/Tutorial/Basics/TutorialAssets/icon_tab_Levels_40x.uasset" 162
"../../../Engine/Content/Tutorial/Basics/LevelEditorOverview.uasset" 163
"../../../Engine/Content/Tutorial/Basics/TutorialAssets/CameraActor_64x.uasset" 164
"../../../Engine/Content/Tutorial/Basics/ViewportsTutorial.uasset" 165
"../../../Engine/Content/Tutorial/BlueprintTutorials/TutorialAssets/Blueprint_64x.uasset" 166
"../../../Engine/Content/Tutorial/BlueprintTutorials/BlueprintEditorTutorial.uasset" 167
"../../../Engine/Content/Tutorial/BlueprintTutorials/LevelBlueprintEditorOverview.uasset" 168
"../../../Engine/Content/Tutorial/Code/AddingCode.uasset" 169
"../../../Engine/Content/Tutorial/InWorldBlueprintEditing/IWBE_Tutorial.uasset" 170
"../../../Engine/Content/Tutorial/InWorldBlueprintEditing/IWBE_Tutorial_Part2.uasset" 171
"../../../Engine/Content/Tutorial/InWorldBlueprintEditing/IWBE_Tutorial_Part3.uasset" 172
"../../../Engine/Content/Tutorial/SubEditors/GettingSubstance.uasset" 173
"../../../Engine/Content/VREditor/LaserPointer/VR_LaserPower_01.uasset" 174
"../../../Engine/Content/VREditor/TransformGizmo/TransformGizmoMaterial.uasset" 175
"../../../Engine/Content/VREditor/TransformGizmo/TranslucentTransformGizmoMaterial.uasset" 176
"../../../Engine/Content/VREditor/TransformGizmo/BoundingBoxCorner.uasset" 177
"../../../Engine/Content/VREditor/TransformGizmo/BoundingBoxEdge.uasset" 178
"../../../Engine/Content/VREditor/TransformGizmo/PlaneTranslationHandle.uasset" 179
"../../../Engine/Content/VREditor/TransformGizmo/Main.uasset" 180
"../../../Engine/Content/VREditor/TransformGizmo/Xray.uasset" 181
"../../../Engine/Content/VREditor/TransformGizmo/SM_Sequencer_Key.uasset" 182
"../../../Engine/Content/VREditor/TransformGizmo/SM_Sequencer_Node.uasset" 183
"../../Plugins/2D/Paper2D/Content/PlaceholderTextures/DummySpriteTexture.uasset" 184
"../../Plugins/2D/Paper2D/Content/DummySprite.uasset" 185
"../../Plugins/2D/Paper2D/Content/DefaultPaperTerrainMaterial.uasset" 186
"../../Plugins/2D/Paper2D/Content/DummySpriteTexture.uasset" 187
"../../Plugins/2D/Paper2D/Content/DefaultSpriteMaterial.uasset" 188
"../../Plugins/2D/Paper2D/Content/MaskedUnlitSpriteMaterial.uasset" 189
"../../Plugins/2D/Paper2D/Content/OpaqueUnlitSpriteMaterial.uasset" 190
"../../../Engine/Content/Functions/Engine_MaterialFunctions02/Utility/BreakOutFloat4Components.uasset" 191
"../../../Engine/Content/Functions/Engine_MaterialFunctions02/Utility/MakeFloat2.uasset" 192
"../../../Engine/Content/Functions/Engine_MaterialFunctions02/Utility/MakeFloat3.uasset" 193
"../../Plugins/Runtime/Oculus/OculusVR/Content/Materials/OculusMR_ChromaKey.uasset" 194
"../../Plugins/Runtime/Oculus/OculusVR/Content/Materials/OculusMR_ChromaKey_Lit.uasset" 195
"../../Plugins/Runtime/Oculus/OculusVR/Content/Materials/OculusMR_OpaqueColoredMaterial.uasset" 196
"../../Plugins/Runtime/Oculus/OculusVR/Content/Materials/OculusMR_WhiteMaterial.uasset" 197
"../../../Engine/Content/EngineSky/C_Sky_Cloud_Color.uasset" 198
"../../../Engine/Content/EngineSky/C_Sky_Horizon_Color.uasset" 199
"../../../Engine/Content/EngineSky/C_Sky_Zenith_Color.uasset" 200
"../../../Engine/Content/EngineSky/BP_Sky_Sphere.uasset" 201
"../../../../../../GAME MAKE/Working/LearnCpp/Content/Models/Rock/rock_rock01.uasset" 202
"../../../Engine/Content/Functions/Engine_MaterialFunctions02/ExampleContent/Textures/newhplaneHeightMap.uasset" 203
"../../../Engine/Content/Functions/Engine_MaterialFunctions02/Texturing/3dParticleOpacity.uasset" 204
"../../../Engine/Content/Functions/Engine_MaterialFunctions02/ExampleContent/Textures/newhplaneAlphaMap.uasset" 205
"../../../Engine/Content/Functions/Engine_MaterialFunctions02/ExampleContent/Textures/newhplaneLightingMap.uasset" 206
"../../../Engine/Content/Functions/Engine_MaterialFunctions02/ExampleContent/Textures/newhplaneNormalsMap.uasset" 207
"../../../Engine/Content/MapTemplates/Sky/DaylightAmbientCubemap.uasset" 208
"../../../Engine/Content/Functions/Engine_MaterialFunctions02/ExampleContent/3dParticleOpacity_Mat.uasset" 209
"../../../../../../GAME MAKE/Working/LearnCpp/Content/Particle/Explode.uasset" 210
"../../../Engine/Content/EngineSounds/Master.uasset" 211
"../../../Engine/Content/EngineSounds/Duck_Normal_Attack_MixMod.uasset" 212
"../../../Engine/Content/EngineSounds/Special_Attack_PSM.uasset" 213
"../../../Engine/Content/EngineSounds/SFX.uasset" 214
"../../../Engine/Content/EngineSounds/Normal_Attack.uasset" 215
"../../../../../../GAME MAKE/Working/LearnCpp/Content/Sounds/palaga.uasset" 216
"../../../../../../GAME MAKE/Working/LearnCpp/Content/BluePrint/Asteroid_BP.uasset" 217
"../../../../../../GAME MAKE/Working/LearnCpp/Content/BluePrint/GamePlace_BP.uasset" 218
"../../../Engine/Content/BasicShapes/Cube.uasset" 219
"../../../../../../GAME MAKE/Working/LearnCpp/Content/BluePrint/Bullet_BP.uasset" 220
"../../../../../../GAME MAKE/Working/LearnCpp/Content/Models/Marlin/01_-_Default.uasset" 221
"../../../../../../GAME MAKE/Working/LearnCpp/Content/Models/Marlin/02_-_Default.uasset" 222
"../../../../../../GAME MAKE/Working/LearnCpp/Content/Models/Marlin/03_-_Default.uasset" 223
"../../../../../../GAME MAKE/Working/LearnCpp/Content/Models/Marlin/07_-_Default.uasset" 224
"../../../../../../GAME MAKE/Working/LearnCpp/Content/Models/Marlin/back.uasset" 225
"../../../../../../GAME MAKE/Working/LearnCpp/Content/Models/Marlin/08_-_Default.uasset" 226
"../../../../../../GAME MAKE/Working/LearnCpp/Content/Models/Marlin/13_-_Default.uasset" 227
"../../../../../../GAME MAKE/Working/LearnCpp/Content/Models/Marlin/14_-_Default.uasset" 228
"../../../../../../GAME MAKE/Working/LearnCpp/Content/Models/Marlin/Marlin.uasset" 229
"../../../../../../GAME MAKE/Working/LearnCpp/Content/Sounds/biu.uasset" 230
"../../../../../../GAME MAKE/Working/LearnCpp/Content/Sounds/boo.uasset" 231
"../../../../../../GAME MAKE/Working/LearnCpp/Content/BluePrint/Ship_BP.uasset" 232
"../../../../../../GAME MAKE/Working/LearnCpp/Content/Scenes/NewMap_BuiltData.uasset" 233
"../../../Engine/Content/EngineMeshes/Cube.uasset" 234
"../../../../../../GAME MAKE/Working/LearnCpp/Content/BluePrint/Pause.uasset" 235
"../../../../../../GAME MAKE/Working/LearnCpp/Content/Scenes/NewMap.umap" 236
"../../../../../../GAME MAKE/Working/LearnCpp/Content/BluePrint/StartTitle.uasset" 237
"../../../../../../GAME MAKE/Working/LearnCpp/Content/Scenes/StartMenu.umap" 238
"../../../Engine/Content/Maps/Entry_BuiltData.uasset" 239
"../../../Engine/Content/Maps/Entry.umap" 240
